/root/ros2_ws/install/n3mo_control/lib/python3.10/site-packages/n3mo_control/sensor_publisher.py
/root/ros2_ws/install/n3mo_control/lib/python3.10/site-packages/n3mo_control/__init__.py
/root/ros2_ws/install/n3mo_control/lib/python3.10/site-packages/n3mo_control/mission_planner.py
/root/ros2_ws/install/n3mo_control/lib/python3.10/site-packages/n3mo_control/obstacle_detector.py
/root/ros2_ws/install/n3mo_control/lib/python3.10/site-packages/n3mo_control/n3mo_controller.py
/root/ros2_ws/install/n3mo_control/lib/python3.10/site-packages/n3mo_control/__pycache__/sensor_publisher.cpython-310.pyc
/root/ros2_ws/install/n3mo_control/lib/python3.10/site-packages/n3mo_control/__pycache__/__init__.cpython-310.pyc
/root/ros2_ws/install/n3mo_control/lib/python3.10/site-packages/n3mo_control/__pycache__/mission_planner.cpython-310.pyc
/root/ros2_ws/install/n3mo_control/lib/python3.10/site-packages/n3mo_control/__pycache__/obstacle_detector.cpython-310.pyc
/root/ros2_ws/install/n3mo_control/lib/python3.10/site-packages/n3mo_control/__pycache__/n3mo_controller.cpython-310.pyc
/root/ros2_ws/install/n3mo_control/share/ament_index/resource_index/packages/n3mo_control
/root/ros2_ws/install/n3mo_control/share/n3mo_control/package.xml
/root/ros2_ws/install/n3mo_control/share/n3mo_control/config/scene_config.json
/root/ros2_ws/install/n3mo_control/lib/python3.10/site-packages/n3mo_control-0.1.0-py3.10.egg-info/PKG-INFO
/root/ros2_ws/install/n3mo_control/lib/python3.10/site-packages/n3mo_control-0.1.0-py3.10.egg-info/zip-safe
/root/ros2_ws/install/n3mo_control/lib/python3.10/site-packages/n3mo_control-0.1.0-py3.10.egg-info/SOURCES.txt
/root/ros2_ws/install/n3mo_control/lib/python3.10/site-packages/n3mo_control-0.1.0-py3.10.egg-info/entry_points.txt
/root/ros2_ws/install/n3mo_control/lib/python3.10/site-packages/n3mo_control-0.1.0-py3.10.egg-info/requires.txt
/root/ros2_ws/install/n3mo_control/lib/python3.10/site-packages/n3mo_control-0.1.0-py3.10.egg-info/top_level.txt
/root/ros2_ws/install/n3mo_control/lib/python3.10/site-packages/n3mo_control-0.1.0-py3.10.egg-info/dependency_links.txt
/root/ros2_ws/install/n3mo_control/lib/n3mo_control/mission_planner
/root/ros2_ws/install/n3mo_control/lib/n3mo_control/n3mo_controller
/root/ros2_ws/install/n3mo_control/lib/n3mo_control/obstacle_detector
/root/ros2_ws/install/n3mo_control/lib/n3mo_control/sensor_publisher
