running egg_info
creating ../../build/n3mo_control/n3mo_control.egg-info
writing ../../build/n3mo_control/n3mo_control.egg-info/PKG-INFO
writing dependency_links to ../../build/n3mo_control/n3mo_control.egg-info/dependency_links.txt
writing entry points to ../../build/n3mo_control/n3mo_control.egg-info/entry_points.txt
writing requirements to ../../build/n3mo_control/n3mo_control.egg-info/requires.txt
writing top-level names to ../../build/n3mo_control/n3mo_control.egg-info/top_level.txt
writing manifest file '../../build/n3mo_control/n3mo_control.egg-info/SOURCES.txt'
reading manifest file '../../build/n3mo_control/n3mo_control.egg-info/SOURCES.txt'
writing manifest file '../../build/n3mo_control/n3mo_control.egg-info/SOURCES.txt'
running build
running build_py
creating /root/ros2_ws/build/n3mo_control/build
creating /root/ros2_ws/build/n3mo_control/build/lib
creating /root/ros2_ws/build/n3mo_control/build/lib/n3mo_control
copying n3mo_control/sensor_publisher.py -> /root/ros2_ws/build/n3mo_control/build/lib/n3mo_control
copying n3mo_control/__init__.py -> /root/ros2_ws/build/n3mo_control/build/lib/n3mo_control
copying n3mo_control/mission_planner.py -> /root/ros2_ws/build/n3mo_control/build/lib/n3mo_control
copying n3mo_control/obstacle_detector.py -> /root/ros2_ws/build/n3mo_control/build/lib/n3mo_control
copying n3mo_control/n3mo_controller.py -> /root/ros2_ws/build/n3mo_control/build/lib/n3mo_control
running install
running install_lib
creating /root/ros2_ws/install/n3mo_control/lib/python3.10/site-packages/n3mo_control
copying /root/ros2_ws/build/n3mo_control/build/lib/n3mo_control/sensor_publisher.py -> /root/ros2_ws/install/n3mo_control/lib/python3.10/site-packages/n3mo_control
copying /root/ros2_ws/build/n3mo_control/build/lib/n3mo_control/__init__.py -> /root/ros2_ws/install/n3mo_control/lib/python3.10/site-packages/n3mo_control
copying /root/ros2_ws/build/n3mo_control/build/lib/n3mo_control/mission_planner.py -> /root/ros2_ws/install/n3mo_control/lib/python3.10/site-packages/n3mo_control
copying /root/ros2_ws/build/n3mo_control/build/lib/n3mo_control/obstacle_detector.py -> /root/ros2_ws/install/n3mo_control/lib/python3.10/site-packages/n3mo_control
copying /root/ros2_ws/build/n3mo_control/build/lib/n3mo_control/n3mo_controller.py -> /root/ros2_ws/install/n3mo_control/lib/python3.10/site-packages/n3mo_control
byte-compiling /root/ros2_ws/install/n3mo_control/lib/python3.10/site-packages/n3mo_control/sensor_publisher.py to sensor_publisher.cpython-310.pyc
byte-compiling /root/ros2_ws/install/n3mo_control/lib/python3.10/site-packages/n3mo_control/__init__.py to __init__.cpython-310.pyc
byte-compiling /root/ros2_ws/install/n3mo_control/lib/python3.10/site-packages/n3mo_control/mission_planner.py to mission_planner.cpython-310.pyc
byte-compiling /root/ros2_ws/install/n3mo_control/lib/python3.10/site-packages/n3mo_control/obstacle_detector.py to obstacle_detector.cpython-310.pyc
byte-compiling /root/ros2_ws/install/n3mo_control/lib/python3.10/site-packages/n3mo_control/n3mo_controller.py to n3mo_controller.cpython-310.pyc
running install_data
creating /root/ros2_ws/install/n3mo_control/share
creating /root/ros2_ws/install/n3mo_control/share/ament_index
creating /root/ros2_ws/install/n3mo_control/share/ament_index/resource_index
creating /root/ros2_ws/install/n3mo_control/share/ament_index/resource_index/packages
copying resource/n3mo_control -> /root/ros2_ws/install/n3mo_control/share/ament_index/resource_index/packages
creating /root/ros2_ws/install/n3mo_control/share/n3mo_control
copying package.xml -> /root/ros2_ws/install/n3mo_control/share/n3mo_control
creating /root/ros2_ws/install/n3mo_control/share/n3mo_control/config
copying config/scene_config.json -> /root/ros2_ws/install/n3mo_control/share/n3mo_control/config
running install_egg_info
Copying ../../build/n3mo_control/n3mo_control.egg-info to /root/ros2_ws/install/n3mo_control/lib/python3.10/site-packages/n3mo_control-0.1.0-py3.10.egg-info
running install_scripts
Installing mission_planner script to /root/ros2_ws/install/n3mo_control/lib/n3mo_control
Installing n3mo_controller script to /root/ros2_ws/install/n3mo_control/lib/n3mo_control
Installing obstacle_detector script to /root/ros2_ws/install/n3mo_control/lib/n3mo_control
Installing sensor_publisher script to /root/ros2_ws/install/n3mo_control/lib/n3mo_control
writing list of installed files to '/root/ros2_ws/build/n3mo_control/install.log'
