[0.702s] Invoking command in '/root/ros2_ws/src/n3mo_control': PYTHONPATH=/root/ros2_ws/build/n3mo_control/prefix_override:/usr/lib/python3/dist-packages/colcon_core/task/python/colcon_distutils_commands:/root/ros2_ws/install/n3mo_control/lib/python3.10/site-packages:${PYTHONPATH} /usr/bin/python3 -W ignore:setup.py install is deprecated -W ignore:easy_install command is deprecated setup.py egg_info --egg-base ../../build/n3mo_control build --build-base /root/ros2_ws/build/n3mo_control/build install --record /root/ros2_ws/build/n3mo_control/install.log --single-version-externally-managed install_data
[1.002s] running egg_info
[1.004s] creating ../../build/n3mo_control/n3mo_control.egg-info
[1.005s] writing ../../build/n3mo_control/n3mo_control.egg-info/PKG-INFO
[1.009s] writing dependency_links to ../../build/n3mo_control/n3mo_control.egg-info/dependency_links.txt
[1.011s] writing entry points to ../../build/n3mo_control/n3mo_control.egg-info/entry_points.txt
[1.012s] writing requirements to ../../build/n3mo_control/n3mo_control.egg-info/requires.txt
[1.014s] writing top-level names to ../../build/n3mo_control/n3mo_control.egg-info/top_level.txt
[1.018s] writing manifest file '../../build/n3mo_control/n3mo_control.egg-info/SOURCES.txt'
[1.033s] reading manifest file '../../build/n3mo_control/n3mo_control.egg-info/SOURCES.txt'
[1.037s] writing manifest file '../../build/n3mo_control/n3mo_control.egg-info/SOURCES.txt'
[1.039s] running build
[1.041s] running build_py
[1.043s] creating /root/ros2_ws/build/n3mo_control/build
[1.044s] creating /root/ros2_ws/build/n3mo_control/build/lib
[1.045s] creating /root/ros2_ws/build/n3mo_control/build/lib/n3mo_control
[1.047s] copying n3mo_control/sensor_publisher.py -> /root/ros2_ws/build/n3mo_control/build/lib/n3mo_control
[1.049s] copying n3mo_control/__init__.py -> /root/ros2_ws/build/n3mo_control/build/lib/n3mo_control
[1.052s] copying n3mo_control/mission_planner.py -> /root/ros2_ws/build/n3mo_control/build/lib/n3mo_control
[1.054s] copying n3mo_control/obstacle_detector.py -> /root/ros2_ws/build/n3mo_control/build/lib/n3mo_control
[1.056s] copying n3mo_control/n3mo_controller.py -> /root/ros2_ws/build/n3mo_control/build/lib/n3mo_control
[1.061s] running install
[1.063s] running install_lib
[1.065s] creating /root/ros2_ws/install/n3mo_control/lib/python3.10/site-packages/n3mo_control
[1.067s] copying /root/ros2_ws/build/n3mo_control/build/lib/n3mo_control/sensor_publisher.py -> /root/ros2_ws/install/n3mo_control/lib/python3.10/site-packages/n3mo_control
[1.071s] copying /root/ros2_ws/build/n3mo_control/build/lib/n3mo_control/__init__.py -> /root/ros2_ws/install/n3mo_control/lib/python3.10/site-packages/n3mo_control
[1.076s] copying /root/ros2_ws/build/n3mo_control/build/lib/n3mo_control/mission_planner.py -> /root/ros2_ws/install/n3mo_control/lib/python3.10/site-packages/n3mo_control
[1.082s] copying /root/ros2_ws/build/n3mo_control/build/lib/n3mo_control/obstacle_detector.py -> /root/ros2_ws/install/n3mo_control/lib/python3.10/site-packages/n3mo_control
[1.090s] copying /root/ros2_ws/build/n3mo_control/build/lib/n3mo_control/n3mo_controller.py -> /root/ros2_ws/install/n3mo_control/lib/python3.10/site-packages/n3mo_control
[1.097s] byte-compiling /root/ros2_ws/install/n3mo_control/lib/python3.10/site-packages/n3mo_control/sensor_publisher.py to sensor_publisher.cpython-310.pyc
[1.105s] byte-compiling /root/ros2_ws/install/n3mo_control/lib/python3.10/site-packages/n3mo_control/__init__.py to __init__.cpython-310.pyc
[1.108s] byte-compiling /root/ros2_ws/install/n3mo_control/lib/python3.10/site-packages/n3mo_control/mission_planner.py to mission_planner.cpython-310.pyc
[1.112s] byte-compiling /root/ros2_ws/install/n3mo_control/lib/python3.10/site-packages/n3mo_control/obstacle_detector.py to obstacle_detector.cpython-310.pyc
[1.120s] byte-compiling /root/ros2_ws/install/n3mo_control/lib/python3.10/site-packages/n3mo_control/n3mo_controller.py to n3mo_controller.cpython-310.pyc
[1.127s] running install_data
[1.130s] creating /root/ros2_ws/install/n3mo_control/share
[1.135s] creating /root/ros2_ws/install/n3mo_control/share/ament_index
[1.138s] creating /root/ros2_ws/install/n3mo_control/share/ament_index/resource_index
[1.141s] creating /root/ros2_ws/install/n3mo_control/share/ament_index/resource_index/packages
[1.143s] copying resource/n3mo_control -> /root/ros2_ws/install/n3mo_control/share/ament_index/resource_index/packages
[1.147s] creating /root/ros2_ws/install/n3mo_control/share/n3mo_control
[1.150s] copying package.xml -> /root/ros2_ws/install/n3mo_control/share/n3mo_control
[1.152s] creating /root/ros2_ws/install/n3mo_control/share/n3mo_control/config
[1.154s] copying config/scene_config.json -> /root/ros2_ws/install/n3mo_control/share/n3mo_control/config
[1.157s] running install_egg_info
[1.161s] Copying ../../build/n3mo_control/n3mo_control.egg-info to /root/ros2_ws/install/n3mo_control/lib/python3.10/site-packages/n3mo_control-0.1.0-py3.10.egg-info
[1.209s] running install_scripts
[1.250s] Installing mission_planner script to /root/ros2_ws/install/n3mo_control/lib/n3mo_control
[1.253s] Installing n3mo_controller script to /root/ros2_ws/install/n3mo_control/lib/n3mo_control
[1.256s] Installing obstacle_detector script to /root/ros2_ws/install/n3mo_control/lib/n3mo_control
[1.258s] Installing sensor_publisher script to /root/ros2_ws/install/n3mo_control/lib/n3mo_control
[1.264s] writing list of installed files to '/root/ros2_ws/build/n3mo_control/install.log'
[1.305s] Invoked command in '/root/ros2_ws/src/n3mo_control' returned '0': PYTHONPATH=/root/ros2_ws/build/n3mo_control/prefix_override:/usr/lib/python3/dist-packages/colcon_core/task/python/colcon_distutils_commands:/root/ros2_ws/install/n3mo_control/lib/python3.10/site-packages:${PYTHONPATH} /usr/bin/python3 -W ignore:setup.py install is deprecated -W ignore:easy_install command is deprecated setup.py egg_info --egg-base ../../build/n3mo_control build --build-base /root/ros2_ws/build/n3mo_control/build install --record /root/ros2_ws/build/n3mo_control/install.log --single-version-externally-managed install_data
